<?xml version="1.0" encoding="UTF-8"?>
<!-- Generated by org.testng.reporters.JUnitReportReporter -->
<testsuite skipped="0" hostname="HMECL002775" name="groups.dependson" tests="7" failures="0" timestamp="2020-04-20T14:28:35 IST" time="0.011" errors="0">
  <testcase name="day7" time="0.000" classname="groups.dependson"/>
  <testcase name="day6" time="0.001" classname="groups.dependson"/>
  <testcase name="day3" time="0.000" classname="groups.dependson"/>
  <testcase name="day2" time="0.008" classname="groups.dependson"/>
  <testcase name="day4" time="0.001" classname="groups.dependson"/>
  <testcase name="day5" time="0.000" classname="groups.dependson"/>
  <testcase name="day1" time="0.001" classname="groups.dependson"/>
</testsuite> <!-- groups.dependson -->
