<?xml version="1.0" encoding="UTF-8"?>
<!-- Generated by org.testng.reporters.JUnitReportReporter -->
<testsuite skipped="1" hostname="HMECL002775" name="groups.Enable" tests="7" failures="0" timestamp="2020-04-20T14:32:41 IST" time="0.019" errors="0">
  <testcase name="day2" time="0.010" classname="groups.Enable"/>
  <testcase name="day7" time="0.001" classname="groups.Enable"/>
  <testcase name="day6" time="0.001" classname="groups.Enable"/>
  <testcase name="day4" time="0.005" classname="groups.Enable"/>
  <testcase name="day5" time="0.001" classname="groups.Enable"/>
  <testcase name="day1" time="0.001" classname="groups.Enable"/>
  <testcase name="day3" classname="groups.Enable">
    <skipped/>
  </testcase> <!-- day3 -->
</testsuite> <!-- groups.Enable -->
