<?xml version="1.0" encoding="UTF-8"?>
<!-- Generated by org.testng.reporters.JUnitReportReporter -->
<testsuite skipped="0" hostname="HMECL002775" name="propertyusage.propertyFile" tests="2" failures="0" timestamp="2020-05-09T12:55:26 IST" time="15.251" errors="0">
  <testcase name="getPropertyTest" time="15.246" classname="propertyusage.propertyFile"/>
  <testcase name="setValueInPropertyFile" time="0.005" classname="propertyusage.propertyFile"/>
</testsuite> <!-- propertyusage.propertyFile -->
