<?xml version="1.0" encoding="UTF-8"?>
<!-- Generated by org.testng.reporters.JUnitReportReporter -->
<testsuite skipped="0" hostname="HMECL002775" name="groups.day1" tests="2" failures="0" timestamp="2020-04-20T14:21:00 IST" time="0.009" errors="0">
  <testcase name="day3" time="0.009" classname="groups.day1"/>
  <testcase name="day6" time="0.000" classname="groups.day1"/>
</testsuite> <!-- groups.day1 -->
