<?xml version="1.0" encoding="UTF-8"?>
<!-- Generated by org.testng.reporters.JUnitReportReporter -->
<testsuite skipped="0" hostname="HMECL002775" name="Functions.ExcludeTest" tests="4" failures="0" timestamp="2020-04-20T13:08:32 IST" time="0.009" errors="0">
  <testcase name="excludeTest3" time="0.002" classname="Functions.ExcludeTest"/>
  <testcase name="excludeTest2" time="0.002" classname="Functions.ExcludeTest"/>
  <testcase name="excludeTest4" time="0.001" classname="Functions.ExcludeTest"/>
  <testcase name="excludeTest" time="0.004" classname="Functions.ExcludeTest"/>
</testsuite> <!-- Functions.ExcludeTest -->
