<?xml version="1.0" encoding="UTF-8"?>
<!-- Generated by org.testng.reporters.JUnitReportReporter -->
<testsuite skipped="0" hostname="HMECL002775" name="Testcases.LognApplication" tests="2" failures="0" timestamp="2020-04-20T14:24:32 IST" time="26.376" errors="0">
  <testcase name="SetUpDependsOn" time="14.294" classname="Testcases.LognApplication"/>
  <testcase name="LoginTest" time="12.082" classname="Testcases.LognApplication"/>
</testsuite> <!-- Testcases.LognApplication -->
