<?xml version="1.0" encoding="UTF-8"?>
<!-- Generated by org.testng.reporters.JUnitReportReporter -->
<testsuite skipped="0" hostname="HMECL002775" name="Functions.IncludeTest" tests="8" failures="0" timestamp="2020-04-20T13:08:32 IST" time="0.007" errors="0">
  <testcase name="includeTest2" time="0.001" classname="Functions.IncludeTest"/>
  <testcase name="includeTest3" time="0.001" classname="Functions.IncludeTest"/>
  <testcase name="includeTest4" time="0.000" classname="Functions.IncludeTest"/>
  <testcase name="excludeTest" time="0.001" classname="Functions.IncludeTest"/>
  <testcase name="excludeTest3" time="0.001" classname="Functions.IncludeTest"/>
  <testcase name="includeTest" time="0.001" classname="Functions.IncludeTest"/>
  <testcase name="excludeTest2" time="0.001" classname="Functions.IncludeTest"/>
  <testcase name="excludeTest4" time="0.001" classname="Functions.IncludeTest"/>
</testsuite> <!-- Functions.IncludeTest -->
