<?xml version="1.0" encoding="UTF-8"?>
<!-- Generated by org.testng.reporters.JUnitReportReporter -->
<testsuite skipped="0" hostname="HMECL002775" name="parameterization.OpenBrowser" tests="1" failures="0" timestamp="2020-04-21T15:29:32 IST" time="2.435" errors="0">
  <testcase name="openBrowser" time="2.435" classname="parameterization.OpenBrowser"/>
</testsuite> <!-- parameterization.OpenBrowser -->
